
2024/03/27 (15:50:58) | ===> btop++ v.1.3.2
2024/03/27 (15:50:58) | WARNING: NVML: Failed to get maximum GPU power draw, defaulting to 225W: Not Supported
2024/03/27 (15:50:58) | WARNING: NVML: Failed to get PCIe TX throughput: Not Supported
2024/03/27 (15:50:58) | WARNING: NVML: Failed to get PCIe RX throughput: Not Supported
2024/03/27 (15:50:58) | WARNING: NVML: Failed to get GPU power usage: Not Supported

2024/03/27 (18:09:19) | ===> btop++ v.1.3.2
2024/03/27 (18:09:19) | ERROR: No tty detected!
btop++ needs an interactive shell to run.

2024/03/27 (18:11:55) | ===> btop++ v.1.3.2
2024/03/27 (18:11:55) | WARNING: NVML: Failed to get maximum GPU power draw, defaulting to 225W: Not Supported
2024/03/27 (18:11:55) | WARNING: NVML: Failed to get PCIe TX throughput: Not Supported
2024/03/27 (18:11:55) | WARNING: NVML: Failed to get PCIe RX throughput: Not Supported
2024/03/27 (18:11:55) | WARNING: NVML: Failed to get GPU power usage: Not Supported

2024/03/29 (08:49:44) | ===> btop++ v.1.3.2
2024/03/29 (08:49:44) | WARNING: NVML: Failed to get maximum GPU power draw, defaulting to 225W: Not Supported
2024/03/29 (08:49:44) | WARNING: NVML: Failed to get PCIe TX throughput: Not Supported
2024/03/29 (08:49:44) | WARNING: NVML: Failed to get PCIe RX throughput: Not Supported
2024/03/29 (08:49:44) | WARNING: NVML: Failed to get GPU power usage: Not Supported

2024/04/01 (18:36:39) | ===> btop++ v.1.3.2
2024/04/01 (18:36:39) | WARNING: NVML: Failed to get maximum GPU power draw, defaulting to 225W: Not Supported
2024/04/01 (18:36:39) | WARNING: NVML: Failed to get PCIe RX throughput: Not Supported
2024/04/01 (18:36:39) | WARNING: NVML: Failed to get PCIe TX throughput: Not Supported
2024/04/01 (18:36:39) | WARNING: NVML: Failed to get GPU power usage: Not Supported

2024/04/12 (00:40:19) | ===> btop++ v.1.3.2
2024/04/12 (00:40:19) | ERROR: No tty detected!
btop++ needs an interactive shell to run.

2024/04/12 (09:56:32) | ===> btop++ v.1.3.2
2024/04/12 (09:56:32) | ERROR: No tty detected!
btop++ needs an interactive shell to run.

2024/04/12 (09:57:16) | ===> btop++ v.1.3.2
2024/04/12 (09:57:16) | ERROR: No tty detected!
btop++ needs an interactive shell to run.

2024/04/12 (09:57:28) | ===> btop++ v.1.3.2
2024/04/12 (09:57:28) | WARNING: NVML: Failed to get maximum GPU power draw, defaulting to 225W: Not Supported
2024/04/12 (09:57:28) | WARNING: NVML: Failed to get PCIe TX throughput: Not Supported
2024/04/12 (09:57:28) | WARNING: NVML: Failed to get PCIe RX throughput: Not Supported
2024/04/12 (09:57:28) | WARNING: NVML: Failed to get GPU power usage: Not Supported

2024/04/12 (13:42:29) | ===> btop++ v.1.3.2
2024/04/12 (13:42:29) | WARNING: NVML: Failed to get maximum GPU power draw, defaulting to 225W: Not Supported
2024/04/12 (13:42:29) | WARNING: NVML: Failed to get PCIe TX throughput: Not Supported
2024/04/12 (13:42:29) | WARNING: NVML: Failed to get PCIe RX throughput: Not Supported
2024/04/12 (13:42:29) | WARNING: NVML: Failed to get GPU power usage: Not Supported

2024/04/16 (16:30:14) | ===> btop++ v.1.3.2
2024/04/16 (16:30:14) | WARNING: NVML: Failed to get maximum GPU power draw, defaulting to 225W: Not Supported
2024/04/16 (16:30:14) | WARNING: NVML: Failed to get PCIe TX throughput: Not Supported
2024/04/16 (16:30:14) | WARNING: NVML: Failed to get PCIe RX throughput: Not Supported
2024/04/16 (16:30:14) | WARNING: NVML: Failed to get GPU power usage: Not Supported

2024/04/18 (12:01:34) | ===> btop++ v.1.3.2
2024/04/18 (12:01:34) | WARNING: NVML: Failed to get maximum GPU power draw, defaulting to 225W: Not Supported
2024/04/18 (12:01:34) | WARNING: NVML: Failed to get PCIe TX throughput: Not Supported
2024/04/18 (12:01:34) | WARNING: NVML: Failed to get PCIe RX throughput: Not Supported
2024/04/18 (12:01:34) | WARNING: NVML: Failed to get GPU power usage: Not Supported

2024/04/18 (12:02:23) | ===> btop++ v.1.3.2
2024/04/18 (12:02:23) | WARNING: NVML: Failed to get maximum GPU power draw, defaulting to 225W: Not Supported
2024/04/18 (12:02:23) | WARNING: NVML: Failed to get PCIe TX throughput: Not Supported
2024/04/18 (12:02:23) | WARNING: NVML: Failed to get PCIe RX throughput: Not Supported
2024/04/18 (12:02:23) | WARNING: NVML: Failed to get GPU power usage: Not Supported

2024/04/18 (12:03:58) | ===> btop++ v.1.3.2
2024/04/18 (12:03:58) | WARNING: NVML: Failed to get maximum GPU power draw, defaulting to 225W: Not Supported
2024/04/18 (12:03:58) | WARNING: NVML: Failed to get PCIe TX throughput: Not Supported
2024/04/18 (12:03:58) | WARNING: NVML: Failed to get PCIe RX throughput: Not Supported
2024/04/18 (12:03:58) | WARNING: NVML: Failed to get GPU power usage: Not Supported

2024/04/18 (12:04:21) | ===> btop++ v.1.3.2
2024/04/18 (12:04:21) | WARNING: NVML: Failed to get maximum GPU power draw, defaulting to 225W: Not Supported
2024/04/18 (12:04:21) | WARNING: NVML: Failed to get PCIe TX throughput: Not Supported
2024/04/18 (12:04:21) | WARNING: NVML: Failed to get PCIe RX throughput: Not Supported
2024/04/18 (12:04:21) | WARNING: NVML: Failed to get GPU power usage: Not Supported

2024/04/18 (12:04:29) | ===> btop++ v.1.3.2
2024/04/18 (12:04:29) | WARNING: NVML: Failed to get maximum GPU power draw, defaulting to 225W: Not Supported
2024/04/18 (12:04:29) | WARNING: NVML: Failed to get PCIe TX throughput: Not Supported
2024/04/18 (12:04:29) | WARNING: NVML: Failed to get PCIe RX throughput: Not Supported
2024/04/18 (12:04:29) | WARNING: NVML: Failed to get GPU power usage: Not Supported

2024/04/18 (12:07:08) | ===> btop++ v.1.3.2
2024/04/18 (12:07:08) | WARNING: NVML: Failed to get maximum GPU power draw, defaulting to 225W: Not Supported
2024/04/18 (12:07:08) | WARNING: NVML: Failed to get PCIe TX throughput: Not Supported
2024/04/18 (12:07:08) | WARNING: NVML: Failed to get PCIe RX throughput: Not Supported
2024/04/18 (12:07:08) | WARNING: NVML: Failed to get GPU power usage: Not Supported

2024/04/18 (12:07:51) | ===> btop++ v.1.3.2
2024/04/18 (12:07:51) | WARNING: NVML: Failed to get maximum GPU power draw, defaulting to 225W: Not Supported
2024/04/18 (12:07:51) | WARNING: NVML: Failed to get PCIe TX throughput: Not Supported
2024/04/18 (12:07:51) | WARNING: NVML: Failed to get PCIe RX throughput: Not Supported
2024/04/18 (12:07:51) | WARNING: NVML: Failed to get GPU power usage: Not Supported

2024/04/18 (12:08:24) | ===> btop++ v.1.3.2
2024/04/18 (12:08:24) | WARNING: NVML: Failed to get maximum GPU power draw, defaulting to 225W: Not Supported
2024/04/18 (12:08:24) | WARNING: NVML: Failed to get PCIe TX throughput: Not Supported
2024/04/18 (12:08:24) | WARNING: NVML: Failed to get PCIe RX throughput: Not Supported
2024/04/18 (12:08:24) | WARNING: NVML: Failed to get GPU power usage: Not Supported

2024/04/18 (12:11:49) | ===> btop++ v.1.3.2
2024/04/18 (12:11:49) | WARNING: NVML: Failed to get maximum GPU power draw, defaulting to 225W: Not Supported
2024/04/18 (12:11:49) | WARNING: NVML: Failed to get PCIe TX throughput: Not Supported
2024/04/18 (12:11:49) | WARNING: NVML: Failed to get PCIe RX throughput: Not Supported
2024/04/18 (12:11:49) | WARNING: NVML: Failed to get GPU power usage: Not Supported

2024/04/18 (18:51:56) | ===> btop++ v.1.3.2
2024/04/18 (18:51:56) | WARNING: NVML: Failed to get maximum GPU power draw, defaulting to 225W: Not Supported
2024/04/18 (18:51:56) | WARNING: NVML: Failed to get PCIe TX throughput: Not Supported
2024/04/18 (18:51:56) | WARNING: NVML: Failed to get PCIe RX throughput: Not Supported
2024/04/18 (18:51:56) | WARNING: NVML: Failed to get GPU power usage: Not Supported

2024/04/18 (18:53:28) | ===> btop++ v.1.3.2
2024/04/18 (18:53:28) | WARNING: NVML: Failed to get maximum GPU power draw, defaulting to 225W: Not Supported
2024/04/18 (18:53:28) | WARNING: NVML: Failed to get PCIe TX throughput: Not Supported
2024/04/18 (18:53:28) | WARNING: NVML: Failed to get PCIe RX throughput: Not Supported
2024/04/18 (18:53:28) | WARNING: NVML: Failed to get GPU power usage: Not Supported

2024/04/19 (08:59:20) | ===> btop++ v.1.3.2
2024/04/19 (08:59:20) | WARNING: NVML: Failed to get maximum GPU power draw, defaulting to 225W: Not Supported
2024/04/19 (08:59:20) | WARNING: NVML: Failed to get PCIe TX throughput: Not Supported
2024/04/19 (08:59:20) | WARNING: NVML: Failed to get PCIe RX throughput: Not Supported
2024/04/19 (08:59:20) | WARNING: NVML: Failed to get GPU power usage: Not Supported

2024/04/19 (09:07:57) | ===> btop++ v.1.3.2
2024/04/19 (09:07:57) | WARNING: NVML: Failed to get maximum GPU power draw, defaulting to 225W: Not Supported
2024/04/19 (09:07:57) | WARNING: NVML: Failed to get PCIe TX throughput: Not Supported
2024/04/19 (09:07:57) | WARNING: NVML: Failed to get PCIe RX throughput: Not Supported
2024/04/19 (09:07:57) | WARNING: NVML: Failed to get GPU power usage: Not Supported

2024/04/19 (09:10:48) | ===> btop++ v.1.3.2
2024/04/19 (09:10:48) | ERROR: No tty detected!
btop++ needs an interactive shell to run.

2024/04/19 (09:11:37) | ===> btop++ v.1.3.2
2024/04/19 (09:11:37) | ERROR: No tty detected!
btop++ needs an interactive shell to run.

2024/04/21 (01:22:45) | ===> btop++ v.1.3.2
2024/04/21 (01:22:45) | WARNING: NVML: Failed to get maximum GPU power draw, defaulting to 225W: Not Supported
2024/04/21 (01:22:45) | WARNING: NVML: Failed to get PCIe TX throughput: Not Supported
2024/04/21 (01:22:45) | WARNING: NVML: Failed to get PCIe RX throughput: Not Supported
2024/04/21 (01:22:45) | WARNING: NVML: Failed to get GPU power usage: Not Supported

2024/04/21 (19:54:45) | ===> btop++ v.1.3.2
2024/04/21 (19:54:45) | WARNING: NVML: Failed to get maximum GPU power draw, defaulting to 225W: Not Supported
2024/04/21 (19:54:45) | WARNING: NVML: Failed to get PCIe TX throughput: Not Supported
2024/04/21 (19:54:45) | WARNING: NVML: Failed to get PCIe RX throughput: Not Supported
2024/04/21 (19:54:45) | WARNING: NVML: Failed to get GPU power usage: Not Supported

2024/04/21 (22:26:35) | ===> btop++ v.1.3.2
2024/04/21 (22:26:35) | WARNING: NVML: Failed to get maximum GPU power draw, defaulting to 225W: Not Supported
2024/04/21 (22:26:35) | WARNING: NVML: Failed to get PCIe TX throughput: Not Supported
2024/04/21 (22:26:35) | WARNING: NVML: Failed to get PCIe RX throughput: Not Supported
2024/04/21 (22:26:35) | WARNING: NVML: Failed to get GPU power usage: Not Supported

2024/04/25 (13:44:26) | ===> btop++ v.1.3.2
2024/04/25 (13:44:26) | WARNING: NVML: Failed to get maximum GPU power draw, defaulting to 225W: Not Supported
2024/04/25 (13:44:26) | WARNING: NVML: Failed to get PCIe TX throughput: Not Supported
2024/04/25 (13:44:26) | WARNING: NVML: Failed to get PCIe RX throughput: Not Supported
2024/04/25 (13:44:26) | WARNING: NVML: Failed to get GPU power usage: Not Supported

2024/04/26 (09:34:16) | ===> btop++ v.1.3.2
2024/04/26 (09:34:16) | WARNING: NVML: Failed to get maximum GPU power draw, defaulting to 225W: Not Supported
2024/04/26 (09:34:16) | WARNING: NVML: Failed to get PCIe TX throughput: Not Supported
2024/04/26 (09:34:16) | WARNING: NVML: Failed to get PCIe RX throughput: Not Supported
2024/04/26 (09:34:16) | WARNING: NVML: Failed to get GPU power usage: Not Supported

2024/05/06 (19:27:31) | ===> btop++ v.1.3.2
2024/05/06 (19:27:31) | WARNING: NVML: Failed to get maximum GPU power draw, defaulting to 225W: Not Supported
2024/05/06 (19:27:31) | WARNING: NVML: Failed to get PCIe TX throughput: Not Supported
2024/05/06 (19:27:31) | WARNING: NVML: Failed to get PCIe RX throughput: Not Supported
2024/05/06 (19:27:31) | WARNING: NVML: Failed to get GPU power usage: Not Supported

2024/05/09 (12:32:24) | ===> btop++ v.1.3.2
2024/05/09 (12:32:24) | WARNING: NVML: Failed to get maximum GPU power draw, defaulting to 225W: Not Supported
2024/05/09 (12:32:24) | WARNING: NVML: Failed to get PCIe TX throughput: Not Supported
2024/05/09 (12:32:24) | WARNING: NVML: Failed to get PCIe RX throughput: Not Supported
2024/05/09 (12:32:24) | WARNING: NVML: Failed to get GPU power usage: Not Supported
